Operation : SmtpClient
Mensagem : The SMTP server requires a secure connection or the client was not authenticated. The server response was: 5.7.0 Authentication Required. Learn more at
Trace :    at System.Net.Mail.MailCommand.CheckResponse(SmtpStatusCode statusCode, String response)
   at System.Net.Mail.MailCommand.Send(SmtpConnection conn, Byte[] command, MailAddress from, Boolean allowUnicode)
   at System.Net.Mail.SmtpTransport.SendMail(MailAddress sender, MailAddressCollection recipients, String deliveryNotify, Boolean allowUnicode, SmtpFailedRecipientException& exception)
   at System.Net.Mail.SmtpClient.Send(MailMessage message)
   at AppPrivy.CrossCutting.Operations.SendMail.<>c__DisplayClass53_0.<SendHtmlFormattedMail>b__0() in H:\PROJETOS\NetCore\AppPrivy\AppPrivy.CrossCutting\Operations\SendMail.cs:line 154
Exception : 
Source : System.Net.Mail


Operation : SmtpClient
Mensagem : The SMTP server requires a secure connection or the client was not authenticated. The server response was: 5.7.0 Authentication Required. Learn more at
Trace :    at System.Net.Mail.MailCommand.CheckResponse(SmtpStatusCode statusCode, String response)
   at System.Net.Mail.MailCommand.Send(SmtpConnection conn, Byte[] command, MailAddress from, Boolean allowUnicode)
   at System.Net.Mail.SmtpTransport.SendMail(MailAddress sender, MailAddressCollection recipients, String deliveryNotify, Boolean allowUnicode, SmtpFailedRecipientException& exception)
   at System.Net.Mail.SmtpClient.Send(MailMessage message)
   at AppPrivy.CrossCutting.Operations.SendMail.<>c__DisplayClass53_0.<SendHtmlFormattedMail>b__0() in H:\PROJETOS\NetCore\AppPrivy\AppPrivy.CrossCutting\Operations\SendMail.cs:line 154
Exception : 
Source : System.Net.Mail


Operation : SmtpClient
Mensagem : The SMTP server requires a secure connection or the client was not authenticated. The server response was: 5.7.0 Authentication Required. Learn more at
Trace :    at System.Net.Mail.MailCommand.CheckResponse(SmtpStatusCode statusCode, String response)
   at System.Net.Mail.MailCommand.Send(SmtpConnection conn, Byte[] command, MailAddress from, Boolean allowUnicode)
   at System.Net.Mail.SmtpTransport.SendMail(MailAddress sender, MailAddressCollection recipients, String deliveryNotify, Boolean allowUnicode, SmtpFailedRecipientException& exception)
   at System.Net.Mail.SmtpClient.Send(MailMessage message)
   at AppPrivy.CrossCutting.Operations.SendMail.<>c__DisplayClass53_0.<SendHtmlFormattedMail>b__0() in H:\PROJETOS\NetCore\AppPrivy\AppPrivy.CrossCutting\Operations\SendMail.cs:line 154
Exception : 
Source : System.Net.Mail


Operation : SmtpClient
Mensagem : The SMTP server requires a secure connection or the client was not authenticated. The server response was: 5.7.0 Authentication Required. Learn more at
Trace :    at System.Net.Mail.MailCommand.CheckResponse(SmtpStatusCode statusCode, String response)
   at System.Net.Mail.MailCommand.Send(SmtpConnection conn, Byte[] command, MailAddress from, Boolean allowUnicode)
   at System.Net.Mail.SmtpTransport.SendMail(MailAddress sender, MailAddressCollection recipients, String deliveryNotify, Boolean allowUnicode, SmtpFailedRecipientException& exception)
   at System.Net.Mail.SmtpClient.Send(MailMessage message)
   at AppPrivy.CrossCutting.Operations.SendMail.<>c__DisplayClass53_0.<SendHtmlFormattedMail>b__0() in H:\PROJETOS\NetCore\AppPrivy\AppPrivy.CrossCutting\Operations\SendMail.cs:line 156
Exception : 
Source : System.Net.Mail


Operation : SmtpClient
Mensagem : The SMTP server requires a secure connection or the client was not authenticated. The server response was: 5.7.0 Authentication Required. Learn more at
Trace :    at System.Net.Mail.MailCommand.CheckResponse(SmtpStatusCode statusCode, String response)
   at System.Net.Mail.MailCommand.Send(SmtpConnection conn, Byte[] command, MailAddress from, Boolean allowUnicode)
   at System.Net.Mail.SmtpTransport.SendMail(MailAddress sender, MailAddressCollection recipients, String deliveryNotify, Boolean allowUnicode, SmtpFailedRecipientException& exception)
   at System.Net.Mail.SmtpClient.Send(MailMessage message)
   at AppPrivy.CrossCutting.Operations.SendMail.<>c__DisplayClass53_0.<SendHtmlFormattedMail>b__0() in H:\PROJETOS\NetCore\AppPrivy\AppPrivy.CrossCutting\Operations\SendMail.cs:line 156
Exception : 
Source : System.Net.Mail


Operation : SmtpClient
Mensagem : The SMTP server requires a secure connection or the client was not authenticated. The server response was: 5.7.0 Authentication Required. Learn more at
Trace :    at System.Net.Mail.MailCommand.CheckResponse(SmtpStatusCode statusCode, String response)
   at System.Net.Mail.MailCommand.Send(SmtpConnection conn, Byte[] command, MailAddress from, Boolean allowUnicode)
   at System.Net.Mail.SmtpTransport.SendMail(MailAddress sender, MailAddressCollection recipients, String deliveryNotify, Boolean allowUnicode, SmtpFailedRecipientException& exception)
   at System.Net.Mail.SmtpClient.Send(MailMessage message)
   at AppPrivy.CrossCutting.Operations.SendMail.<>c__DisplayClass53_0.<SendHtmlFormattedMail>b__0() in H:\PROJETOS\NetCore\AppPrivy\AppPrivy.CrossCutting\Operations\SendMail.cs:line 157
Exception : 
Source : System.Net.Mail


Operation : SmtpClient
Mensagem : The SMTP server requires a secure connection or the client was not authenticated. The server response was: 5.7.0 Authentication Required. Learn more at
Trace :    at System.Net.Mail.MailCommand.CheckResponse(SmtpStatusCode statusCode, String response)
   at System.Net.Mail.MailCommand.Send(SmtpConnection conn, Byte[] command, MailAddress from, Boolean allowUnicode)
   at System.Net.Mail.SmtpTransport.SendMail(MailAddress sender, MailAddressCollection recipients, String deliveryNotify, Boolean allowUnicode, SmtpFailedRecipientException& exception)
   at System.Net.Mail.SmtpClient.Send(MailMessage message)
   at AppPrivy.CrossCutting.Operations.SendMail.<>c__DisplayClass53_0.<SendHtmlFormattedMail>b__0() in H:\PROJETOS\NetCore\AppPrivy\AppPrivy.CrossCutting\Operations\SendMail.cs:line 157
Exception : 
Source : System.Net.Mail


