[17:47:50 INF] Starting up
[17:47:55 DBG] Hosting starting
info: Microsoft.AspNetCore.DataProtection.KeyManagement.XmlKeyManager[63]
      User profile is available. Using 'C:\Users\adils\AppData\Local\ASP.NET\DataProtection-Keys' as key repository and Windows DPAPI to encrypt keys at rest.
[17:47:57 INF] User profile is available. Using 'C:\Users\adils\AppData\Local\ASP.NET\DataProtection-Keys' as key repository and Windows DPAPI to encrypt keys at rest.
[17:47:57 DBG] Reading data from file 'C:\Users\adils\AppData\Local\ASP.NET\DataProtection-Keys\key-00640ac3-6c0a-4dfd-97ec-9880fbd9ce47.xml'.
[17:47:57 DBG] Reading data from file 'C:\Users\adils\AppData\Local\ASP.NET\DataProtection-Keys\key-23f7a1b8-94a0-47c1-aabd-df3a82ede36a.xml'.
[17:47:57 DBG] Found key {00640ac3-6c0a-4dfd-97ec-9880fbd9ce47}.
[17:47:57 DBG] Found key {23f7a1b8-94a0-47c1-aabd-df3a82ede36a}.
[17:47:57 DBG] Considering key {23f7a1b8-94a0-47c1-aabd-df3a82ede36a} with expiration date 2021-05-23 23:47:09Z as default key.
[17:47:57 DBG] Forwarded activator type request from Microsoft.AspNetCore.DataProtection.XmlEncryption.DpapiXmlDecryptor, Microsoft.AspNetCore.DataProtection, Version=5.0.0.0, Culture=neutral, PublicKeyToken=adb9793829ddae60 to Microsoft.AspNetCore.DataProtection.XmlEncryption.DpapiXmlDecryptor, Microsoft.AspNetCore.DataProtection, Culture=neutral, PublicKeyToken=adb9793829ddae60
[17:47:57 DBG] Decrypting secret element using Windows DPAPI.
[17:47:57 DBG] Forwarded activator type request from Microsoft.AspNetCore.DataProtection.AuthenticatedEncryption.ConfigurationModel.AuthenticatedEncryptorDescriptorDeserializer, Microsoft.AspNetCore.DataProtection, Version=5.0.0.0, Culture=neutral, PublicKeyToken=adb9793829ddae60 to Microsoft.AspNetCore.DataProtection.AuthenticatedEncryption.ConfigurationModel.AuthenticatedEncryptorDescriptorDeserializer, Microsoft.AspNetCore.DataProtection, Culture=neutral, PublicKeyToken=adb9793829ddae60
[17:47:57 DBG] Opening CNG algorithm 'AES' from provider 'null' with chaining mode CBC.
[17:47:57 DBG] Opening CNG algorithm 'SHA256' from provider 'null' with HMAC.
[17:47:57 DBG] Using key {23f7a1b8-94a0-47c1-aabd-df3a82ede36a} as the default key.
[17:47:58 DBG] Key ring with default key {23f7a1b8-94a0-47c1-aabd-df3a82ede36a} was loaded during application startup.
[17:48:00 DBG] Loaded hosting startup assembly AppPrivy.WebApiDoacaoMais
info: Microsoft.Hosting.Lifetime[0]
      Application started. Press Ctrl+C to shut down.
[17:48:00 INF] Application started. Press Ctrl+C to shut down.
info[17:48:00 INF] Hosting environment: Development
: Microsoft.Hosting.Lifetime[0]
      Hosting environment: Development
info[17:48:00 INF] Content root path: E:\PROJETOS\NetCore\AppPrivy\AppPrivy.WebApiDoacaoMais
: Microsoft.Hosting.Lifetime[0]
      Content root path: E:\PROJETOS\NetCore\AppPrivy\AppPrivy.WebApiDoacaoMais
[17:48:00 DBG] Hosting started
info: Microsoft.AspNetCore.Hosting.Diagnostics[1]
      Request starting HTTP/2 GET https://localhost:44305/swagger - -
[17:48:00 INF] Request starting HTTP/2 GET https://localhost:44305/swagger - -
[17:48:00 DBG] Wildcard detected, all requests with hosts will be allowed.
[17:48:00 VRB] All hosts are allowed.
[17:48:00 DBG] AcceptLanguageHeaderRequestCultureProvider returned the following unsupported cultures '["en-US", "en", "pt"]'.
[17:48:00 DBG] AcceptLanguageHeaderRequestCultureProvider returned the following unsupported UI Cultures '["en-US", "en", "pt"]'.
[17:48:00 DBG] Connection ID "17870283331606675461" disconnecting.
info[17:48:00 INF] Request starting HTTP/2 GET https://localhost:44305/swagger/index.html - -
[17:48:00 VRB] All hosts are allowed.
[17:48:00 DBG] AcceptLanguageHeaderRequestCultureProvider returned the following unsupported cultures '["en-US", "en", "pt"]'.
[17:48:00 DBG] AcceptLanguageHeaderRequestCultureProvider returned the following unsupported UI Cultures '["en-US", "en", "pt"]'.
: Microsoft.AspNetCore.Hosting.Diagnostics[1]
      Request starting HTTP/2 GET https://localhost:44305/swagger/index.html - -
info[17:48:00 INF] Request finished HTTP/2 GET https://localhost:44305/swagger - - - 301 - - 345.9983ms
: Microsoft.AspNetCore.Hosting.Diagnostics[2]
      Request finished HTTP/2 GET https://localhost:44305/swagger - - - 301 - - 345.9983ms
[17:48:01 DBG] Connection ID "18302628891539275784" disconnecting.
info[17:48:01 INF] Request finished HTTP/2 GET https://localhost:44305/swagger/index.html - - - 200 - text/html;charset=utf-8 285.9113ms
: Microsoft.AspNetCore.Hosting.Diagnostics[2]
      Request finished HTTP/2 GET https://localhost:44305/swagger/index.html - - - 200 - text/html;charset=utf-8 285.9113ms
info[17:48:01 INF] Request starting HTTP/2 GET https://localhost:44305/swagger/swagger-ui.css - -
[17:48:01 VRB] All hosts are allowed.
[17:48:01 DBG] AcceptLanguageHeaderRequestCultureProvider returned the following unsupported cultures '["en-US", "en", "pt"]'.
[17:48:01 DBG] AcceptLanguageHeaderRequestCultureProvider returned the following unsupported UI Cultures '["en-US", "en", "pt"]'.
: Microsoft.AspNetCore.Hosting.Diagnostics[1]
      Request starting HTTP/2 GET https://localhost:44305/swagger/swagger-ui.css - -
[17:48:01 INF] Request starting HTTP/2 GET https://localhost:44305/swagger/swagger-ui-standalone-preset.js - -
info[17:48:01 VRB] All hosts are allowed.
[17:48:01 DBG] AcceptLanguageHeaderRequestCultureProvider returned the following unsupported cultures '["en-US", "en", "pt"]'.
[17:48:01 DBG] AcceptLanguageHeaderRequestCultureProvider returned the following unsupported UI Cultures '["en-US", "en", "pt"]'.
: Microsoft.AspNetCore.Hosting.Diagnostics[1]
      Request starting HTTP/2 GET https://localhost:44305/swagger/swagger-ui-standalone-preset.js - -
[17:48:01 INF] Request starting HTTP/2 GET https://localhost:44305/swagger/swagger-ui-bundle.js - -
[17:48:01 VRB] All hosts are allowed.
[17:48:01 DBG] AcceptLanguageHeaderRequestCultureProvider returned the following unsupported cultures '["en-US", "en", "pt"]'.
[17:48:01 DBG] AcceptLanguageHeaderRequestCultureProvider returned the following unsupported UI Cultures '["en-US", "en", "pt"]'.
info[17:48:01 VRB] Range header's value is empty.
[17:48:01 VRB] Range header's value is empty.
[17:48:01 VRB] Range header's value is empty.
: Microsoft.AspNetCore.Hosting.Diagnostics[1]
      Request starting HTTP/2 GET https://localhost:44305/swagger/swagger-ui-bundle.js - -
info: Microsoft.AspNetCore.StaticFiles.StaticFileMiddleware[2]
      Sending file. Request path: '/swagger-ui.css'. Physical path: 'N/A'
info: Microsoft.AspNetCore.StaticFiles.StaticFileMiddleware[2]
      Sending file. Request path: '/swagger-ui-standalone-preset.js'. Physical path: 'N/A'
info: Microsoft.AspNetCore.StaticFiles.StaticFileMiddleware[2]
      Sending file. Request path: '/swagger-ui-bundle.js'. Physical path: 'N/A'
[17:48:01 INF] Sending file. Request path: '/swagger-ui-standalone-preset.js'. Physical path: 'N/A'
[17:48:01 INF] Sending file. Request path: '/swagger-ui-bundle.js'. Physical path: 'N/A'
[17:48:01 INF] Sending file. Request path: '/swagger-ui.css'. Physical path: 'N/A'
[17:48:01 DBG] Connection ID "17870283331606675463" disconnecting.
info[17:48:01 DBG] Connection ID "18014398519682531341" disconnecting.
[17:48:01 INF] Request finished HTTP/2 GET https://localhost:44305/swagger/swagger-ui.css - - - 200 142933 text/css 329.5674ms
: Microsoft.AspNetCore.Hosting.Diagnostics[2]
      Request finished HTTP/2 GET https://localhost:44305/swagger/swagger-ui.css - - - 200 142933 text/css 329.5674ms
[17:48:01 INF] Request finished HTTP/2 GET https://localhost:44305/swagger/swagger-ui-standalone-preset.js - - - 200 311804 application/javascript 337.6132ms
info: Microsoft.AspNetCore.Hosting.Diagnostics[2]
      Request finished HTTP/2 GET https://localhost:44305/swagger/swagger-ui-standalone-preset.js - - - 200 311804 application/javascript 337.6132ms
[17:48:01 DBG] Connection ID "18302628891539275786" disconnecting.
info: Microsoft.AspNetCore.Hosting.Diagnostics[2]
      Request finished HTTP/2 GET https://localhost:44305/swagger/swagger-ui-bundle.js - - - 200 986342 application/javascript 239.8940ms
[17:48:01 INF] Request f