info: Microsoft.Hosting.Lifetime[0]
      Now listening on: http://127.0.0.1:15730
info: Microsoft.Hosting.Lifetime[0]
      Application started. Press Ctrl+C to shut down.
info: Microsoft.Hosting.Lifetime[0]
      Hosting environment: Production
info: Microsoft.Hosting.Lifetime[0]
      Content root path: E:\PROJETOS\NetCore\AppPrivy\AppPrivy.WebAppApi
info: Microsoft.AspNetCore.Hosting.Diagnostics[1]
      Request starting HTTP/1.1 GET http://localhost/favicon.ico  
warn: Microsoft.AspNetCore.HttpsPolicy.HttpsRedirectionMiddleware[3]
      Failed to determine the https port for redirect.
info: Microsoft.AspNetCore.Hosting.Diagnostics[2]
      Request finished in 418.5782ms 404 
info: Microsoft.AspNetCore.Hosting.Diagnostics[1]
      Request starting HTTP/1.1 GET http://localhost/favicon.ico  
info: Microsoft.AspNetCore.Hosting.Diagnostics[2]
      Request finished in 10.2323ms 404 
info: Microsoft.AspNetCore.Hosting.Diagnostics[1]
      Request starting HTTP/1.1 GET http://localhost/favicon.ico  
info: Microsoft.AspNetCore.Hosting.Diagnostics[2]
      Request finished in 29.4716ms 404 
info: Microsoft.AspNetCore.Hosting.Diagnostics[1]
      Request starting HTTP/1.1 GET http://localhost/favicon.ico  
info: Microsoft.AspNetCore.Hosting.Diagnostics[2]
      Request finished in 4.1624ms 404 
info: Microsoft.AspNetCore.Hosting.Diagnostics[1]
      Request starting HTTP/1.1 GET http://localhost/favicon.ico  
info: Microsoft.AspNetCore.Hosting.Diagnostics[2]
      Request finished in 4.0047ms 404 
info: Microsoft.AspNetCore.Hosting.Diagnostics[1]
      Request starting HTTP/1.1 GET http://localhost/Admin/Home/Index  
info: Microsoft.AspNetCore.Hosting.Diagnostics[2]
      Request finished in 3.2404ms 404 
info: Microsoft.AspNetCore.Hosting.Diagnostics[1]
      Request starting HTTP/1.1 GET http://localhost/favicon.ico  
info: Microsoft.AspNetCore.Hosting.Diagnostics[2]
      Request finished in 3.6393ms 404 
info: Microsoft.AspNetCore.Hosting.Diagnostics[1]
      Request starting HTTP/1.1 GET http://localhost/favicon.ico  
info: Microsoft.AspNetCore.Hosting.Diagnostics[2]
      Request finished in 4.2538ms 404 
info: Microsoft.AspNetCore.Hosting.Diagnostics[1]
      Request starting HTTP/1.1 GET http://localhost/favicon.ico  
info: Microsoft.AspNetCore.Hosting.Diagnostics[2]
      Request finished in 3.327ms 404 
info: Microsoft.AspNetCore.Hosting.Diagnostics[1]
      Request starting HTTP/1.1 POST http://127.0.0.1:15730/iisintegration  0
info: Microsoft.AspNetCore.Hosting.Diagnostics[2]
      Request finished in 1.366ms 202 
info: Microsoft.Hosting.Lifetime[0]
      Application is shutting down...
