info: Microsoft.Hosting.Lifetime[0]
      Now listening on: http://127.0.0.1:27943
info: Microsoft.Hosting.Lifetime[0]
      Application started. Press Ctrl+C to shut down.
info: Microsoft.Hosting.Lifetime[0]
      Hosting environment: Production
info: Microsoft.Hosting.Lifetime[0]
      Content root path: E:\PROJETOS\NetCore\AppPrivy\AppPrivy.WebAppApi
info: Microsoft.AspNetCore.Hosting.Diagnostics[1]
      Request starting HTTP/1.1 GET http://localhost/favicon.ico  
warn: Microsoft.AspNetCore.HttpsPolicy.HttpsRedirectionMiddleware[3]
      Failed to determine the https port for redirect.
info: Microsoft.AspNetCore.Hosting.Diagnostics[2]
      Request finished in 651.3007ms 404 
info: Microsoft.AspNetCore.Hosting.Diagnostics[1]
      Request starting HTTP/1.1 GET http://localhost/favicon.ico  
info: Microsoft.AspNetCore.Hosting.Diagnostics[2]
      Request finished in 70.0692ms 404 
info: Microsoft.AspNetCore.Hosting.Diagnostics[1]
      Request starting HTTP/1.1 GET http://localhost/Admin/Home/Index  
info: Microsoft.AspNetCore.Hosting.Diagnostics[2]
      Request finished in 5.9218ms 404 
info: Microsoft.AspNetCore.Hosting.Diagnostics[1]
      Request starting HTTP/1.1 GET http://localhost/Admin/Home/Index  
info: Microsoft.AspNetCore.Hosting.Diagnostics[2]
      Request finished in 3.7608ms 404 
info: Microsoft.AspNetCore.Hosting.Diagnostics[1]
      Request starting HTTP/1.1 GET http://localhost/Admin/Home/Index  
info: Microsoft.AspNetCore.Hosting.Diagnostics[2]
      Request finished in 6.0956ms 404 
info: Microsoft.AspNetCore.Hosting.Diagnostics[1]
      Request starting HTTP/1.1 GET http://localhost/Admin/Home/Index  
info: Microsoft.AspNetCore.Hosting.Diagnostics[2]
      Request finished in 5.0893ms 404 
info: Microsoft.AspNetCore.Hosting.Diagnostics[1]
      Request starting HTTP/1.1 GET http://localhost/favicon.ico  
info: Microsoft.AspNetCore.Hosting.Diagnostics[2]
      Request finished in 6.0475ms 404 
info: Microsoft.AspNetCore.Hosting.Diagnostics[1]
      Request starting HTTP/1.1 GET http://localhost/favicon.ico  
info: Microsoft.AspNetCore.Hosting.Diagnostics[2]
      Request finished in 5.1897ms 404 
info: Microsoft.AspNetCore.Hosting.Diagnostics[1]
      Request starting HTTP/1.1 GET http://localhost/favicon.ico  
info: Microsoft.AspNetCore.Hosting.Diagnostics[2]
      Request finished in 4.0177ms 404 
info: Microsoft.AspNetCore.Hosting.Diagnostics[1]
      Request starting HTTP/1.1 GET http://localhost/favicon.ico  
info: Microsoft.AspNetCore.Hosting.Diagnostics[2]
      Request finished in 5.2783ms 404 
info: Microsoft.AspNetCore.Hosting.Diagnostics[1]
      Request starting HTTP/1.1 GET http://localhost/favicon.ico  
info: Microsoft.AspNetCore.Hosting.Diagnostics[2]
      Request finished in 12.0192ms 404 
info: Microsoft.AspNetCore.Hosting.Diagnostics[1]
      Request starting HTTP/1.1 GET http://localhost/favicon.ico  
info: Microsoft.AspNetCore.Hosting.Diagnostics[2]
      Request finished in 5.2005ms 404 
info: Microsoft.AspNetCore.Hosting.Diagnostics[1]
      Request starting HTTP/1.1 GET http://localhost/favicon.ico  
info: Microsoft.AspNetCore.Hosting.Diagnostics[2]
      Request finished in 4.1102ms 404 
info: Microsoft.AspNetCore.Hosting.Diagnostics[1]
      Request starting HTTP/1.1 GET http://localhost/favicon.ico  
info: Microsoft.AspNetCore.Hosting.Diagnostics[2]
      Request finished in 5.115ms 404 
info: Microsoft.AspNetCore.Hosting.Diagnostics[1]
      Request starting HTTP/1.1 GET http://localhost/favicon.ico  
info: Microsoft.AspNetCore.Hosting.Diagnostics[2]
      Request finished in 3.0337ms 404 
info: Microsoft.AspNetCore.Hosting.Diagnostics[1]
      Request starting HTTP/1.1 GET http://localhost/favicon.ico  
info: Microsoft.AspNetCore.Hosting.Diagnostics[2]
      Request finished in 4.1533ms 404 
info: Microsoft.AspNetCore.Hosting.Diagnostics[1]
      Request starting HTTP/1.1 GET http://localhost/favicon.ico  
info: Microsoft.AspNetCore.Hosting.Diagnostics[2]
      Request finished in 4.7092ms 404 
info: Microsoft.AspNetCore.Hosting.Diagnostics[1]
      Request starting HTTP/1.1 GET http://localhost/Admin/Home/Index  
info: Microsoft.AspNetCore.Hosting.Diagnostics[2]
      Request finished in 3.2164ms 404 
info: Microsoft.AspNetCore.Hosting.Diagnostics[1]
      Request starting HTTP/1.1 GET http://localhost/favicon.ico  
info: Microsoft.AspNetCore.Hosting.Diagnostics[2]
      Request finished in 5.3813ms 404 
info: Microsoft.AspNetCore.Hosting.Diagnostics[1]
      Request starting HTTP/1.1 GET http://localhost/favicon.ico  
info: Microsoft.AspNetCore.Hosting.Diagnostics[2]
      Request finished in 5.2671ms 404 
info: Microsoft.AspNetCore.Hosting.Diagnostics[1]
      Request starting HTTP/1.1 GET http://localhost/favicon.ico  
info: Microsoft.AspNetCore.Hosting.Diagnostics[2]
      Request finished in 3.2218ms 404 
info: Microsoft.AspNetCore.Hosting.Diagnostics[1]
      Request starting HTTP/1.1 POST http://127.0.0.1:27943/iisintegration  0
info: Microsoft.AspNetCore.Hosting.Diagnostics[2]
      Request finished in 1.3739ms 202 
info: Microsoft.Hosting.Lifetime[0]
      Application is shutting down...
